2024-06-01 22:34:40,913 | asyncio | DEBUG | Using selector: EpollSelector:]
2024-06-01 22:34:40,921 | hypercorn.error | INFO | Running on http://192.168.100.10:54321 (CTRL + C to quit):]
2024-06-01 22:34:40,921 | websockets.server | INFO | server listening on 192.168.100.10:54322:]
2024-06-01 22:34:42,753 | __main__ | INFO | getting chess arr from digitalization:]
2024-06-01 22:34:42,754 | digital_figures | INFO | get new image:]
2024-06-01 22:34:42,754 | digital_figures | INFO | detecting chessboard:]
2024-06-01 22:34:42,754 | digital_figures | INFO | detecting chessboard in detect_chessboard:]
2024-06-01 22:34:46,254 | digital_figures | INFO | ready chessboard predict:]
2024-06-01 22:34:46,254 | digital_figures | INFO | generating perspective matrix:]
2024-06-01 22:34:46,256 | digital_figures | INFO | detecting figures:]
2024-06-01 22:34:48,978 | digital_figures | INFO | assigning figures to cells:]
2024-06-01 22:34:49,073 | digital_figures | INFO | sending figures:]
2024-06-01 22:34:49,342 | __main__ | INFO | got chess arr from digitalization:]
2024-06-01 22:34:49,342 | __main__ | INFO | [[20 20 20 20 20 20 20 20]
 [20  1 20  3 20 20 20  3]
 [20 20  8 20  2 20  9 20]
 [20 20 20  1 20  1 20 20]
 [20 20  6 20  9 20 10 20]
 [20 20 20  0 20 20 20 20]
 [20 11 20  8  7 20 20  9]
 [ 5 20 20 20 20 20 20 20]]:]
2024-06-01 22:34:49,343 | __main__ | INFO | putting chess arr into queue:]
2024-06-01 22:34:52,425 | __main__ | INFO | getting chess arr from digitalization:]
2024-06-01 22:34:52,425 | digital_figures | INFO | get new image:]
2024-06-01 22:34:52,426 | digital_figures | INFO | detecting chessboard:]
2024-06-01 22:34:52,426 | digital_figures | INFO | detecting chessboard in detect_chessboard:]
2024-06-01 22:34:53,240 | digital_figures | INFO | ready chessboard predict:]
2024-06-01 22:34:53,241 | digital_figures | INFO | generating perspective matrix:]
2024-06-01 22:34:53,241 | digital_figures | INFO | detecting figures:]
2024-06-01 22:34:54,058 | digital_figures | INFO | assigning figures to cells:]
2024-06-01 22:34:54,195 | digital_figures | INFO | sending figures:]
2024-06-01 22:34:54,209 | __main__ | INFO | got chess arr from digitalization:]
2024-06-01 22:34:54,209 | __main__ | INFO | [[20 20 20 20 20 20 20 20]
 [20  1 20  3 20 20 20  3]
 [20 20  8 20  2 20  9 20]
 [20 20 20 20 20  1 20 20]
 [20 20  6 20  9  9 10 20]
 [20 20 20  0 20 20 20 20]
 [20 11 20  8  7 20 20  9]
 [ 5 20 20 20 20 20 20 20]]:]
2024-06-01 22:34:54,210 | __main__ | INFO | putting chess arr into queue:]
2024-06-01 22:34:55,818 | __main__ | INFO | getting chess arr from digitalization:]
2024-06-01 22:34:55,818 | digital_figures | INFO | get new image:]
2024-06-01 22:34:55,818 | digital_figures | INFO | detecting chessboard:]
2024-06-01 22:34:55,818 | digital_figures | INFO | detecting chessboard in detect_chessboard:]
2024-06-01 22:34:56,938 | digital_figures | INFO | ready chessboard predict:]
2024-06-01 22:34:56,938 | digital_figures | INFO | generating perspective matrix:]
2024-06-01 22:34:56,939 | digital_figures | INFO | detecting figures:]
2024-06-01 22:34:57,952 | digital_figures | INFO | assigning figures to cells:]
2024-06-01 22:34:58,114 | digital_figures | INFO | sending figures:]
2024-06-01 22:34:58,124 | __main__ | INFO | got chess arr from digitalization:]
2024-06-01 22:34:58,124 | __main__ | INFO | [[20 20 20 20 20 20 20 20]
 [20  1 20  3 20 20 20  3]
 [20 20  8 20  2 20  9 20]
 [20 20 20 20 20  1 20 20]
 [20 20  6 20  9  9 10 20]
 [20 20 20  0 20 20 20 20]
 [20 11 20  8  7 20 20  9]
 [ 5 20 20 20 20 20 20 20]]:]
2024-06-01 22:34:58,125 | __main__ | INFO | putting chess arr into queue:]
2024-06-01 22:34:58,380 | websockets.server | DEBUG | = connection is CONNECTING:]
2024-06-01 22:34:58,380 | websockets.server | DEBUG | < GET /ws HTTP/1.1:]
2024-06-01 22:34:58,381 | websockets.server | DEBUG | < Upgrade: websocket:]
2024-06-01 22:34:58,381 | websockets.server | DEBUG | < Host: 192.168.100.10:54322:]
2024-06-01 22:34:58,381 | websockets.server | DEBUG | < Origin: http://192.168.100.10:54322:]
2024-06-01 22:34:58,381 | websockets.server | DEBUG | < Sec-WebSocket-Key: /FcjnZYUEE8AKwRMB+P9eQ==:]
2024-06-01 22:34:58,381 | websockets.server | DEBUG | < Sec-WebSocket-Version: 13:]
2024-06-01 22:34:58,381 | websockets.server | DEBUG | < Connection: Upgrade:]
2024-06-01 22:34:58,381 | websockets.server | DEBUG | > HTTP/1.1 101 Switching Protocols:]
2024-06-01 22:34:58,381 | websockets.server | DEBUG | > Upgrade: websocket:]
2024-06-01 22:34:58,381 | websockets.server | DEBUG | > Connection: Upgrade:]
2024-06-01 22:34:58,381 | websockets.server | DEBUG | > Sec-WebSocket-Accept: MW19cs1l9bp9BTn3kVwoIM+s6jI=:]
2024-06-01 22:34:58,381 | websockets.server | DEBUG | > Date: Sat, 01 Jun 2024 19:34:58 GMT:]
2024-06-01 22:34:58,381 | websockets.server | DEBUG | > Server: Python/3.12 websockets/12.0:]
2024-06-01 22:34:58,381 | websockets.server | INFO | connection open:]
2024-06-01 22:34:58,381 | websockets.server | DEBUG | = connection is OPEN:]
2024-06-01 22:34:58,382 | __main__ | INFO | Client connected:]
2024-06-01 22:34:58,382 | __main__ | INFO | sending data:]
2024-06-01 22:34:58,382 | websockets.server | DEBUG | > BINARY 14 00 00 00 14 00 00 00 14 00 00 00 14 00 00 00 ... 14 00 00 00 14 00 00 00 [256 bytes]:]
2024-06-01 22:34:59,061 | __main__ | INFO | getting chess arr from digitalization:]
2024-06-01 22:34:59,061 | digital_figures | INFO | get new image:]
2024-06-01 22:34:59,061 | digital_figures | INFO | detecting chessboard:]
2024-06-01 22:34:59,061 | digital_figures | INFO | detecting chessboard in detect_chessboard:]
2024-06-01 22:34:59,383 | __main__ | INFO | sending data:]
2024-06-01 22:34:59,384 | websockets.server | DEBUG | > BINARY 14 00 00 00 14 00 00 00 14 00 00 00 14 00 00 00 ... 14 00 00 00 14 00 00 00 [256 bytes]:]
2024-06-01 22:34:59,922 | digital_figures | INFO | ready chessboard predict:]
2024-06-01 22:34:59,922 | digital_figures | INFO | generating perspective matrix:]
2024-06-01 22:34:59,923 | digital_figures | INFO | detecting figures:]
2024-06-01 22:35:00,385 | __main__ | INFO | sending data:]
2024-06-01 22:35:00,385 | websockets.server | DEBUG | > BINARY 14 00 00 00 14 00 00 00 14 00 00 00 14 00 00 00 ... 14 00 00 00 14 00 00 00 [256 bytes]:]
2024-06-01 22:35:00,824 | digital_figures | INFO | assigning figures to cells:]
2024-06-01 22:35:00,985 | digital_figures | INFO | sending figures:]
2024-06-01 22:35:00,997 | __main__ | INFO | got chess arr from digitalization:]
2024-06-01 22:35:00,997 | __main__ | INFO | [[20 20 20 20 20 20 20 20]
 [20  1 20  3 20 20 20  3]
 [20 20  8 20  2 20  9 20]
 [20 20 20 20 20  1 20 20]
 [20 20  6 20  9  9 10 20]
 [20 20 20  0 20 20 20 20]
 [20 11 20  8  7 20 20  9]
 [ 5 20 20 20 20 20 20 20]]:]
2024-06-01 22:35:00,998 | __main__ | INFO | putting chess arr into queue:]
2024-06-01 22:35:01,387 | __main__ | INFO | sending data:]
2024-06-01 22:35:01,387 | websockets.server | DEBUG | > BINARY 14 00 00 00 14 00 00 00 14 00 00 00 14 00 00 00 ... 14 00 00 00 14 00 00 00 [256 bytes]:]
2024-06-01 22:35:02,303 | __main__ | INFO | getting chess arr from digitalization:]
2024-06-01 22:35:02,303 | digital_figures | INFO | get new image:]
2024-06-01 22:35:02,303 | digital_figures | INFO | detecting chessboard:]
2024-06-01 22:35:02,303 | digital_figures | INFO | detecting chessboard in detect_chessboard:]
2024-06-01 22:35:03,081 | digital_figures | INFO | ready chessboard predict:]
2024-06-01 22:35:03,081 | digital_figures | INFO | generating perspective matrix:]
2024-06-01 22:35:03,082 | digital_figures | INFO | detecting figures:]
2024-06-01 22:35:03,864 | digital_figures | INFO | assigning figures to cells:]
2024-06-01 22:35:04,001 | digital_figures | INFO | sending figures:]
2024-06-01 22:35:04,012 | __main__ | INFO | got chess arr from digitalization:]
2024-06-01 22:35:04,012 | __main__ | INFO | [[20 20 20 20 20 20 20 20]
 [20  1 20  3 20 20 20  3]
 [20 20  8 20  2 20  9 20]
 [20 20 20 20 20  1 20 20]
 [20 20  6 20  9  9 10 20]
 [20 20 20  0 20 20 20 20]
 [20 11 20  8  7 20 20  9]
 [ 5 20 20 20 20 20 20 20]]:]
2024-06-01 22:35:04,013 | __main__ | INFO | putting chess arr into queue:]
2024-06-01 22:35:04,391 | __main__ | INFO | sending data:]
2024-06-01 22:35:04,391 | websockets.server | DEBUG | > BINARY 14 00 00 00 14 00 00 00 14 00 00 00 14 00 00 00 ... 14 00 00 00 14 00 00 00 [256 bytes]:]
2024-06-01 22:35:05,625 | __main__ | INFO | getting chess arr from digitalization:]
2024-06-01 22:35:05,625 | digital_figures | INFO | get new image:]
2024-06-01 22:35:05,625 | digital_figures | INFO | detecting chessboard:]
2024-06-01 22:35:05,625 | digital_figures | INFO | detecting chessboard in detect_chessboard:]
2024-06-01 22:35:06,362 | digital_figures | INFO | ready chessboard predict:]
2024-06-01 22:35:06,362 | digital_figures | INFO | generating perspective matrix:]
2024-06-01 22:35:06,363 | digital_figures | INFO | detecting figures:]
2024-06-01 22:35:07,106 | digital_figures | INFO | assigning figures to cells:]
2024-06-01 22:35:07,228 | digital_figures | INFO | sending figures:]
2024-06-01 22:35:07,238 | __main__ | INFO | got chess arr from digitalization:]
2024-06-01 22:35:07,238 | __main__ | INFO | [[20 20 20 20 20 20 20 20]
 [20  1 20  3 20 20 20  3]
 [20 20  8 20  2 20  9 20]
 [20 20 20  1 20  1 20 20]
 [20 20  6 20  9  9 10 20]
 [20 20 20  0 20 20 20 20]
 [20 11 20  8  7 20 20  9]
 [ 5 20 20 20 20 20 20 20]]:]
2024-06-01 22:35:07,239 | __main__ | INFO | putting chess arr into queue:]
2024-06-01 22:35:07,395 | __main__ | INFO | sending data:]
2024-06-01 22:35:07,395 | websockets.server | DEBUG | > BINARY 14 00 00 00 14 00 00 00 14 00 00 00 14 00 00 00 ... 14 00 00 00 14 00 00 00 [256 bytes]:]
2024-06-01 22:35:08,828 | __main__ | INFO | getting chess arr from digitalization:]
2024-06-01 22:35:08,828 | digital_figures | INFO | get new image:]
2024-06-01 22:35:08,828 | digital_figures | INFO | detecting chessboard:]
2024-06-01 22:35:08,828 | digital_figures | INFO | detecting chessboard in detect_chessboard:]
2024-06-01 22:35:09,552 | digital_figures | INFO | ready chessboard predict:]
2024-06-01 22:35:09,552 | digital_figures | INFO | generating perspective matrix:]
2024-06-01 22:35:09,553 | digital_figures | INFO | detecting figures:]
2024-06-01 22:35:10,301 | digital_figures | INFO | assigning figures to cells:]
2024-06-01 22:35:10,391 | digital_figures | INFO | sending figures:]
2024-06-01 22:35:10,400 | __main__ | INFO | got chess arr from digitalization:]
2024-06-01 22:35:10,400 | __main__ | INFO | [[20 20 20 20 20 20 20 20]
 [20  1 20 20 20 20 20  3]
 [20 20  8 20  2 20  9 20]
 [20 20 20 20 20  1 20 20]
 [20 20  6 20  9 20 10 20]
 [20 20 20  0 20 20 20 20]
 [20 11 20  8  7 20 20  9]
 [ 5 20 20 20 20 20 20 20]]:]
2024-06-01 22:35:10,400 | __main__ | INFO | putting chess arr into queue:]
2024-06-01 22:35:11,400 | __main__ | INFO | sending data:]
2024-06-01 22:35:11,400 | websockets.server | DEBUG | > BINARY 14 00 00 00 14 00 00 00 14 00 00 00 14 00 00 00 ... 14 00 00 00 14 00 00 00 [256 bytes]:]
2024-06-01 22:35:12,001 | __main__ | INFO | getting chess arr from digitalization:]
2024-06-01 22:35:12,001 | digital_figures | INFO | get new image:]
2024-06-01 22:35:12,001 | digital_figures | INFO | detecting chessboard:]
2024-06-01 22:35:12,001 | digital_figures | INFO | detecting chessboard in detect_chessboard:]
2024-06-01 22:35:12,911 | digital_figures | INFO | ready chessboard predict:]
2024-06-01 22:35:12,911 | digital_figures | INFO | generating perspective matrix:]
2024-06-01 22:35:12,912 | digital_figures | INFO | detecting figures:]
2024-06-01 22:35:13,626 | digital_figures | INFO | assigning figures to cells:]
2024-06-01 22:35:13,769 | digital_figures | INFO | sending figures:]
2024-06-01 22:35:13,780 | __main__ | INFO | got chess arr from digitalization:]
2024-06-01 22:35:13,780 | __main__ | INFO | [[20 20 20 20 20 20 20 20]
 [20  1 20  3 20 20 20  3]
 [20 20  8 20  2 20  9 20]
 [20 20 20 20 20  1 20 20]
 [20 20  6 20  9  9 10 20]
 [20 20 20  0 20 20 20 20]
 [20 11 20  8  7 20 20  9]
 [ 5 20 20 20 20 20 20 20]]:]
2024-06-01 22:35:13,781 | __main__ | INFO | putting chess arr into queue:]
2024-06-01 22:35:14,405 | __main__ | INFO | sending data:]
2024-06-01 22:35:14,405 | websockets.server | DEBUG | > BINARY 14 00 00 00 14 00 00 00 14 00 00 00 14 00 00 00 ... 14 00 00 00 14 00 00 00 [256 bytes]:]
2024-06-01 22:35:15,376 | __main__ | INFO | getting chess arr from digitalization:]
2024-06-01 22:35:15,376 | digital_figures | INFO | get new image:]
2024-06-01 22:35:15,376 | digital_figures | INFO | detecting chessboard:]
2024-06-01 22:35:15,376 | digital_figures | INFO | detecting chessboard in detect_chessboard:]
2024-06-01 22:35:16,115 | digital_figures | INFO | ready chessboard predict:]
2024-06-01 22:35:16,115 | digital_figures | INFO | generating perspective matrix:]
2024-06-01 22:35:16,116 | digital_figures | INFO | detecting figures:]
2024-06-01 22:35:16,839 | digital_figures | INFO | assigning figures to cells:]
2024-06-01 22:35:16,957 | digital_figures | INFO | sending figures:]
2024-06-01 22:35:16,968 | __main__ | INFO | got chess arr from digitalization:]
2024-06-01 22:35:16,969 | __main__ | INFO | [[20 20 20 20 20 20 20 20]
 [20  1 20  3 20 20 20  3]
 [20 20  8 20  2 20  9 20]
 [20 20 20 20 20  1 20 20]
 [20 20  6 20  9  9 10 20]
 [20 20 20  0 20 20 20 20]
 [20 11 20  8  7 20 20  9]
 [ 5 20 20 20 20 20 20 20]]:]
2024-06-01 22:35:16,970 | __main__ | INFO | putting chess arr into queue:]
2024-06-01 22:35:17,409 | __main__ | INFO | sending data:]
2024-06-01 22:35:17,409 | websockets.server | DEBUG | > BINARY 14 00 00 00 14 00 00 00 14 00 00 00 14 00 00 00 ... 14 00 00 00 14 00 00 00 [256 bytes]:]
2024-06-01 22:35:18,384 | websockets.server | DEBUG | % sending keepalive ping:]
2024-06-01 22:35:18,384 | websockets.server | DEBUG | > PING 63 7d a7 b1 [binary, 4 bytes]:]
2024-06-01 22:35:18,385 | websockets.server | DEBUG | < PONG 63 7d a7 b1 [binary, 4 bytes]:]
2024-06-01 22:35:18,385 | websockets.server | DEBUG | % received keepalive pong:]
2024-06-01 22:35:38,388 | websockets.server | DEBUG | % sending keepalive ping:]
2024-06-01 22:35:38,389 | websockets.server | DEBUG | > PING b2 81 cf 16 [binary, 4 bytes]:]
2024-06-01 22:35:38,389 | websockets.server | DEBUG | < PONG b2 81 cf 16 [binary, 4 bytes]:]
2024-06-01 22:35:38,390 | websockets.server | DEBUG | % received keepalive pong:]
2024-06-01 22:35:58,392 | websockets.server | DEBUG | % sending keepalive ping:]
2024-06-01 22:35:58,392 | websockets.server | DEBUG | > PING 1e 90 b3 77 [binary, 4 bytes]:]
2024-06-01 22:35:58,393 | websockets.server | DEBUG | < PONG 1e 90 b3 77 [binary, 4 bytes]:]
2024-06-01 22:35:58,393 | websockets.server | DEBUG | % received keepalive pong:]
2024-06-01 22:36:18,396 | websockets.server | DEBUG | % sending keepalive ping:]
2024-06-01 22:36:18,396 | websockets.server | DEBUG | > PING '\t\x01]q' [text, 4 bytes]:]
2024-06-01 22:36:18,397 | websockets.server | DEBUG | < PONG '\t\x01]q' [text, 4 bytes]:]
2024-06-01 22:36:18,397 | websockets.server | DEBUG | % received keepalive pong:]
2024-06-01 22:36:38,399 | websockets.server | DEBUG | % sending keepalive ping:]
2024-06-01 22:36:38,400 | websockets.server | DEBUG | > PING 66 e3 b3 c3 [binary, 4 bytes]:]
2024-06-01 22:36:38,401 | websockets.server | DEBUG | < PONG 66 e3 b3 c3 [binary, 4 bytes]:]
2024-06-01 22:36:38,401 | websockets.server | DEBUG | % received keepalive pong:]
2024-06-01 22:36:58,403 | websockets.server | DEBUG | % sending keepalive ping:]
2024-06-01 22:36:58,403 | websockets.server | DEBUG | > PING 8e 72 ce c0 [binary, 4 bytes]:]
2024-06-01 22:36:58,404 | websockets.server | DEBUG | < PONG 8e 72 ce c0 [binary, 4 bytes]:]
2024-06-01 22:36:58,404 | websockets.server | DEBUG | % received keepalive pong:]
2024-06-01 22:37:18,406 | websockets.server | DEBUG | % sending keepalive ping:]
2024-06-01 22:37:18,406 | websockets.server | DEBUG | > PING 76 61 b0 73 [binary, 4 bytes]:]
2024-06-01 22:37:18,407 | websockets.server | DEBUG | < PONG 76 61 b0 73 [binary, 4 bytes]:]
2024-06-01 22:37:18,407 | websockets.server | DEBUG | % received keepalive pong:]
2024-06-01 22:37:38,410 | websockets.server | DEBUG | % sending keepalive ping:]
2024-06-01 22:37:38,410 | websockets.server | DEBUG | > PING fb 3d 23 80 [binary, 4 bytes]:]
2024-06-01 22:37:38,411 | websockets.server | DEBUG | < PONG fb 3d 23 80 [binary, 4 bytes]:]
2024-06-01 22:37:38,412 | websockets.server | DEBUG | % received keepalive pong:]
2024-06-01 22:37:58,413 | websockets.server | DEBUG | % sending keepalive ping:]
2024-06-01 22:37:58,413 | websockets.server | DEBUG | > PING 31 2d 80 ee [binary, 4 bytes]:]
2024-06-01 22:37:58,414 | websockets.server | DEBUG | < PONG 31 2d 80 ee [binary, 4 bytes]:]
2024-06-01 22:37:58,414 | websockets.server | DEBUG | % received keepalive pong:]
2024-06-01 22:38:15,898 | __main__ | INFO | getting chess arr from digitalization:]
2024-06-01 22:38:15,899 | digital_figures | INFO | get new image:]
2024-06-01 22:38:15,899 | digital_figures | INFO | detecting chessboard:]
2024-06-01 22:38:15,899 | digital_figures | INFO | detecting chessboard in detect_chessboard:]
2024-06-01 22:38:16,727 | digital_figures | INFO | ready chessboard predict:]
2024-06-01 22:38:16,727 | digital_figures | INFO | generating perspective matrix:]
2024-06-01 22:38:16,728 | digital_figures | INFO | detecting figures:]
2024-06-01 22:38:17,465 | digital_figures | INFO | assigning figures to cells:]
2024-06-01 22:38:17,480 | digital_figures | INFO | sending figures:]
2024-06-01 22:38:17,491 | __main__ | INFO | got chess arr from digitalization:]
2024-06-01 22:38:17,492 | __main__ | INFO | [[20 20 20 20 20 20 20 20]
 [20 20 20 20 20 20 20 20]
 [ 8 20 20 20 20 20 20 20]
 [20 20 20 20 20 20 20 20]
 [20 20 20 20 20 20 20 20]
 [10 20 20 20 20 20 20 20]
 [20 20 20 20 20 20 20 20]
 [20 20 20 20 20 20 20 20]]:]
2024-06-01 22:38:17,492 | __main__ | INFO | putting chess arr into queue:]
2024-06-01 22:38:17,635 | __main__ | INFO | sending data:]
2024-06-01 22:38:17,635 | websockets.server | DEBUG | > BINARY 14 00 00 00 14 00 00 00 14 00 00 00 14 00 00 00 ... 14 00 00 00 14 00 00 00 [256 bytes]:]
2024-06-01 22:38:18,416 | websockets.server | DEBUG | % sending keepalive ping:]
2024-06-01 22:38:18,417 | websockets.server | DEBUG | > PING 95 52 15 de [binary, 4 bytes]:]
2024-06-01 22:38:18,417 | websockets.server | DEBUG | < PONG 95 52 15 de [binary, 4 bytes]:]
2024-06-01 22:38:18,418 | websockets.server | DEBUG | % received keepalive pong:]
2024-06-01 22:38:38,419 | websockets.server | DEBUG | % sending keepalive ping:]
2024-06-01 22:38:38,419 | websockets.server | DEBUG | > PING ce f3 1a 45 [binary, 4 bytes]:]
2024-06-01 22:38:38,420 | websockets.server | DEBUG | < PONG ce f3 1a 45 [binary, 4 bytes]:]
2024-06-01 22:38:38,421 | websockets.server | DEBUG | % received keepalive pong:]
2024-06-01 22:38:58,423 | websockets.server | DEBUG | % sending keepalive ping:]
2024-06-01 22:38:58,423 | websockets.server | DEBUG | > PING b6 7a 0a 38 [binary, 4 bytes]:]
2024-06-01 22:38:58,424 | websockets.server | DEBUG | < PONG b6 7a 0a 38 [binary, 4 bytes]:]
2024-06-01 22:38:58,424 | websockets.server | DEBUG | % received keepalive pong:]
2024-06-01 22:39:18,425 | websockets.server | DEBUG | % sending keepalive ping:]
2024-06-01 22:39:18,425 | websockets.server | DEBUG | > PING c5 e2 49 93 [binary, 4 bytes]:]
2024-06-01 22:39:18,426 | websockets.server | DEBUG | < PONG c5 e2 49 93 [binary, 4 bytes]:]
2024-06-01 22:39:18,427 | websockets.server | DEBUG | % received keepalive pong:]
2024-06-01 22:39:38,429 | websockets.server | DEBUG | % sending keepalive ping:]
2024-06-01 22:39:38,429 | websockets.server | DEBUG | > PING 28 f5 75 13 [binary, 4 bytes]:]
2024-06-01 22:39:38,430 | websockets.server | DEBUG | < PONG 28 f5 75 13 [binary, 4 bytes]:]
2024-06-01 22:39:38,430 | websockets.server | DEBUG | % received keepalive pong:]
2024-06-01 22:39:58,432 | websockets.server | DEBUG | % sending keepalive ping:]
2024-06-01 22:39:58,432 | websockets.server | DEBUG | > PING 32 06 51 be [binary, 4 bytes]:]
2024-06-01 22:39:58,433 | websockets.server | DEBUG | < PONG 32 06 51 be [binary, 4 bytes]:]
2024-06-01 22:39:58,433 | websockets.server | DEBUG | % received keepalive pong:]
2024-06-01 22:40:18,435 | websockets.server | DEBUG | % sending keepalive ping:]
2024-06-01 22:40:18,435 | websockets.server | DEBUG | > PING 0f e0 b0 f5 [binary, 4 bytes]:]
2024-06-01 22:40:18,436 | websockets.server | DEBUG | < PONG 0f e0 b0 f5 [binary, 4 bytes]:]
2024-06-01 22:40:18,436 | websockets.server | DEBUG | % received keepalive pong:]
2024-06-01 22:40:38,438 | websockets.server | DEBUG | % sending keepalive ping:]
2024-06-01 22:40:38,438 | websockets.server | DEBUG | > PING 09 64 ef f5 [binary, 4 bytes]:]
2024-06-01 22:40:38,439 | websockets.server | DEBUG | < PONG 09 64 ef f5 [binary, 4 bytes]:]
2024-06-01 22:40:38,439 | websockets.server | DEBUG | % received keepalive pong:]
2024-06-01 22:40:41,200 | websockets.server | DEBUG | ! failing connection with code 1006:]
2024-06-01 22:40:41,201 | websockets.server | DEBUG | = connection is CLOSED:]
2024-06-01 22:40:41,201 | websockets.server | DEBUG | x half-closing TCP connection:]
